#
# A fatal error has been detected by the Java Runtime Environment:
#
#  SIGBUS (0xa) at pc=0x000000010cbf90b7, pid=46434, tid=3339
#
# JRE version: Java(TM) SE Runtime Environment (7.0_65-b17) (build 1.7.0_65-b17)
# Java VM: Java HotSpot(TM) 64-Bit Server VM (24.65-b04 mixed mode bsd-amd64 compressed oops)
# Problematic frame:
# C  [libzip.dylib+0x30b7]  newEntry+0x154
#
# Failed to write core dump. Core dumps have been disabled. To enable core dumping, try "ulimit -c unlimited" before starting Java again
#
# If you would like to submit a bug report, please visit:
#   http://bugreport.sun.com/bugreport/crash.jsp
# The crash happened outside the Java Virtual Machine in native code.
# See problematic frame for where to report the bug.
#

---------------  T H R E A D  ---------------

Current thread (0x00007f942180e000):  JavaThread "main" [_thread_in_native, id=3339, stack(0x00007fff530e5000,0x00007fff53165000)]

siginfo:si_signo=SIGBUS: si_errno=0, si_code=2 (BUS_ADRERR), si_addr=0x0000000115eed8e6

Registers:
RAX=0x00007f9421511890, RBX=0x0000000115eed8da, RCX=0x00000000ffff0001, RDX=0x0000000000000000
RSP=0x00007fff5315f250, RBP=0x00007fff5315f2b0, RSI=0x0000000000000048, RDI=0x000000010caba200
R8 =0x0000000000000063, R9 =0x0000000000000ce0, R10=0x000000010e7f9118, R11=0x00007ff75b42e15e
R12=0x0000000000000090, R13=0x00007f9422907000, R14=0x00007f9421511890, R15=0x00007f9421516020
RIP=0x000000010cbf90b7, EFLAGS=0x0000000000010202, ERR=0x0000000000000004
  TRAPNO=0x000000000000000e

Top of Stack: (sp=0x00007fff5315f250)
0x00007fff5315f250:   00000007f7d2f658 000000002180e000
0x00007fff5315f260:   00007fff5315f290 000000010ded7210
0x00007fff5315f270:   00007fff5315f290 00007f9421511890
0x00007fff5315f280:   00007f942382ed40 00000000761a413e
0x00007fff5315f290:   0000000000000090 00007f9422907000
0x00007fff5315f2a0:   00007f9421511890 00007f9421516020
0x00007fff5315f2b0:   00007fff5315f300 000000010cbf9725
0x00007fff5315f2c0:   0000000000000011 000000112180e000
0x00007fff5315f2d0:   00007fff5315f31e 00007fff5315f768
0x00007fff5315f2e0:   0000000000000011 00007fff5315f31e
0x00007fff5315f2f0:   00007f9421511890 00007f942180e1e8
0x00007fff5315f300:   00007fff5315f750 000000010cbf8570
0x00007fff5315f310:   0000000000000018 6366000700000001
0x00007fff5315f320:   6f7463412f65646f 0065646f63662e72
0x00007fff5315f330:   00007fff5315f330 00000007daea1a8a
0x00007fff5315f340:   00000007f7d2f568 000000010e7dd594
0x00007fff5315f350:   0000000000000000 00000007daea1a98
0x00007fff5315f360:   00007fff5315f3d0 000000010e76b233
0x00007fff5315f370:   00007fff5315f3d0 000000010e76b233
0x00007fff5315f380:   000000010e76b233 00000007f7d2f568
0x00007fff5315f390:   00007fff5315f390 00000007dae02528
0x00007fff5315f3a0:   00007fff5315f3e0 00000007daea9958
0x00007fff5315f3b0:   0000000000000000 00000007dae02538
0x00007fff5315f3c0:   0000000000000000 00007fff5315f3e0
0x00007fff5315f3d0:   00007fff5315f428 000000010e76b233
0x00007fff5315f3e0:   00000007f7ce0278 00007fff5315f3e8
0x00007fff5315f3f0:   00000007db0ac3b9 00007fff5315f438
0x00007fff5315f400:   00000007db0d5440 0000000000000000
0x00007fff5315f410:   00000007db0ac3c8 0000000000000000
0x00007fff5315f420:   00007fff5315f440 00007fff5315f4c8
0x00007fff5315f430:   000000010e895f14 00000007f7ce0278
0x00007fff5315f440:   00007fff5315f440 00000007db38bbe9 

Instructions: (pc=0x000000010cbf90b7)
0x000000010cbf9097:   49 8b 7f 38 e8 9c 1a 00 00 4d 89 77 38 49 89 5f
0x000000010cbf90a7:   40 4c 89 f0 48 85 c0 0f 84 16 05 00 00 48 89 c3
0x000000010cbf90b7:   0f b6 43 0c 0f b6 4b 0d 48 c1 e1 08 48 01 c1 0f
0x000000010cbf90c7:   b6 43 0e 0f b6 53 0f 48 c1 e2 08 48 01 c2 48 c1 

Register to memory mapping:

RAX=0x00007f9421511890 is an unknown value
RBX=0x0000000115eed8da is an unknown value
RCX=0x00000000ffff0001 is an unknown value
RDX=0x0000000000000000 is an unknown value
RSP=0x00007fff5315f250 is pointing into the stack for thread: 0x00007f942180e000
RBP=0x00007fff5315f2b0 is pointing into the stack for thread: 0x00007f942180e000
RSI=0x0000000000000048 is an unknown value
RDI=0x000000010caba200 is an unknown value
R8 =0x0000000000000063 is an unknown value
R9 =0x0000000000000ce0 is an unknown value
R10=0x000000010e7f9118 is at entry_point+88 in (nmethod*)0x000000010e7f8f50
R11=0x00007ff75b42e15e is an unknown value
R12=0x0000000000000090 is an unknown value
R13=0x00007f9422907000 is an unknown value
R14=0x00007f9421511890 is an unknown value
R15=0x00007f9421516020 is an unknown value


Stack: [0x00007fff530e5000,0x00007fff53165000],  sp=0x00007fff5315f250,  free space=488k
Native frames: (J=compiled Java code, j=interpreted, Vv=VM code, C=native code)
C  [libzip.dylib+0x30b7]  newEntry+0x154
C  [libzip.dylib+0x3725]  ZIP_GetEntry+0xa2
C  [libzip.dylib+0x2570]  Java_java_util_zip_ZipFile_getEntry+0xdd
J 111  java.util.zip.ZipFile.getEntry(J[BZ)J (0 bytes) @ 0x000000010e7f918e [0x000000010e7f90c0+0xce]
j  java.util.zip.ZipFile.getEntry(Ljava/lang/String;)Ljava/util/zip/ZipEntry;+38
j  fanx.fcode.FStore$ZipStore.read(Ljava/lang/String;Z)Lfanx/fcode/FStore$Input;+5
J 132 C2 fan.sys.ClassType.doReflect()V (405 bytes) @ 0x000000010e825da0 [0x000000010e825d20+0x80]
j  fan.sys.ClassType.reflect()Lfan/sys/ClassType;+19
j  fan.sys.ClassType.slot(Ljava/lang/String;Z)Lfan/sys/Slot;+1
j  fan.compiler.ReflectType.slot(Ljava/lang/String;)Lfan/compiler/CSlot;+22
j  fan.compiler.CallResolver.findOn(Lfan/compiler/CType;)Lfan/compiler/CSlot;+18
j  fan.compiler.CallResolver.find()V+25
j  fan.compiler.CallResolver.resolve()Lfan/compiler/Expr;+31
J 403 C2 fan.compiler.ResolveExpr.resolveExpr(Lfan/compiler/Expr;)Lfan/compiler/Expr; (419 bytes) @ 0x000000010e903070 [0x000000010e902c40+0x430]
J 394 C2 fan.compiler.Expr.walk(Lfan/compiler/Visitor;)Lfan/compiler/Expr; (13 bytes) @ 0x000000010e8f75a8 [0x000000010e8f7540+0x68]
j  fan.compiler.Stmt.walkExpr(Lfan/compiler/Visitor;Lfan/compiler/VisitDepth;Lfan/compiler/Expr;)Lfan/compiler/Expr;+13
j  fan.compiler.ExprStmt.walkChildren(Lfan/compiler/Visitor;Lfan/compiler/VisitDepth;)V+7
j  fan.compiler.Stmt.walk(Lfan/compiler/Visitor;Lfan/compiler/VisitDepth;)Lfan/sys/List;+10
j  fan.compiler.Block$walk$1.doCall(Lfan/compiler/Stmt;)V+25
j  fan.compiler.Block$walk$1.call(Ljava/lang/Object;)Ljava/lang/Object;+13
J 213 C2 fan.sys.List.each(Lfan/sys/Func;)V (72 bytes) @ 0x000000010e87715c [0x000000010e877000+0x15c]
j  fan.compiler.Block.walk(Lfan/compiler/Visitor;Lfan/compiler/VisitDepth;)V+53
j  fan.compiler.MethodDef.walk(Lfan/compiler/Visitor;Lfan/compiler/VisitDepth;)V+79
j  fan.compiler.TypeDef$walk$6.doCall(Lfan/compiler/SlotDef;)V+13
j  fan.compiler.TypeDef$walk$6.call(Ljava/lang/Object;)Ljava/lang/Object;+13
J 213 C2 fan.sys.List.each(Lfan/sys/Func;)V (72 bytes) @ 0x000000010e87715c [0x000000010e877000+0x15c]
j  fan.compiler.TypeDef.walk(Lfan/compiler/Visitor;Lfan/compiler/VisitDepth;)V+42
j  fan.compiler.Visitor$walk$0.doCall(Lfan/compiler/TypeDef;)V+11
j  fan.compiler.Visitor$walk$0.call(Ljava/lang/Object;)Ljava/lang/Object;+13
J 213 C2 fan.sys.List.each(Lfan/sys/Func;)V (72 bytes) @ 0x000000010e87715c [0x000000010e877000+0x15c]
j  fan.compiler.Visitor$.walk(Lfan/compiler/Visitor;Lfan/compiler/Compiler;Lfan/compiler/VisitDepth;)V+9
j  fan.compiler.CompilerStep.walk(Lfan/compiler/Compiler;Lfan/compiler/VisitDepth;)V+3
j  fan.compiler.ResolveExpr.run()V+17
j  fan.compiler.Compiler.frontend()V+102
j  fan.compiler.Compiler.compile()Lfan/compiler/CompilerOutput;+41
j  fan.build.BuildPod.compileFan()V+507
j  fan.build.BuildPod.compile()V+42
v  ~StubRoutines::call_stub
V  [libjvm.dylib+0x2daef8]
V  [libjvm.dylib+0x2dacc8]
V  [libjvm.dylib+0x465b64]
V  [libjvm.dylib+0x465fca]
V  [libjvm.dylib+0x32772b]
j  sun.reflect.NativeMethodAccessorImpl.invoke0(Ljava/lang/reflect/Method;Ljava/lang/Object;[Ljava/lang/Object;)Ljava/lang/Object;+0
j  sun.reflect.NativeMethodAccessorImpl.invoke(Ljava/lang/Object;[Ljava/lang/Object;)Ljava/lang/Object;+87
j  sun.reflect.DelegatingMethodAccessorImpl.invoke(Ljava/lang/Object;[Ljava/lang/Object;)Ljava/lang/Object;+6
j  java.lang.reflect.Method.invoke(Ljava/lang/Object;[Ljava/lang/Object;)Ljava/lang/Object;+57
j  fan.sys.Method.invoke(Ljava/lang/Object;[Ljava/lang/Object;)Ljava/lang/Object;+100
j  fan.sys.Method$MethodFunc.callOn(Ljava/lang/Object;Lfan/sys/List;)Ljava/lang/Object;+151
j  fan.sys.Method.callOn(Ljava/lang/Object;Lfan/sys/List;)Ljava/lang/Object;+6
j  fan.build.TargetMethod.run()V+18
j  fan.build.BuildGroup$runOnChildren$6.doCall(Lfan/build/BuildScript;)V+17
j  fan.build.BuildGroup$runOnChildren$6.call(Ljava/lang/Object;)Ljava/lang/Object;+13
J 213 C2 fan.sys.List.each(Lfan/sys/Func;)V (72 bytes) @ 0x000000010e87715c [0x000000010e877000+0x15c]
j  fan.build.BuildGroup.runOnChildren(Ljava/lang/String;)V+8
j  fan.build.GroupTarget.run()V+11
j  fan.build.BuildScript$main$8.doCall(Lfan/build/TargetMethod;)V+1
j  fan.build.BuildScript$main$8.call(Ljava/lang/Object;)Ljava/lang/Object;+13
J 213 C2 fan.sys.List.each(Lfan/sys/Func;)V (72 bytes) @ 0x000000010e87715c [0x000000010e877000+0x15c]
j  fan.build.BuildScript.main(Lfan/sys/List;)J+29
v  ~StubRoutines::call_stub
V  [libjvm.dylib+0x2daef8]
V  [libjvm.dylib+0x2dacc8]
V  [libjvm.dylib+0x465b64]
V  [libjvm.dylib+0x465fca]
V  [libjvm.dylib+0x32772b]
j  sun.reflect.NativeMethodAccessorImpl.invoke0(Ljava/lang/reflect/Method;Ljava/lang/Object;[Ljava/lang/Object;)Ljava/lang/Object;+0
j  sun.reflect.NativeMethodAccessorImpl.invoke(Ljava/lang/Object;[Ljava/lang/Object;)Ljava/lang/Object;+87
j  sun.reflect.DelegatingMethodAccessorImpl.invoke(Ljava/lang/Object;[Ljava/lang/Object;)Ljava/lang/Object;+6
j  java.lang.reflect.Method.invoke(Ljava/lang/Object;[Ljava/lang/Object;)Ljava/lang/Object;+57
j  fan.sys.Method.invoke(Ljava/lang/Object;[Ljava/lang/Object;)Ljava/lang/Object;+100
j  fan.sys.Method$MethodFunc.callOn(Ljava/lang/Object;Lfan/sys/List;)Ljava/lang/Object;+151
j  fan.sys.Method.callOn(Ljava/lang/Object;Lfan/sys/List;)Ljava/lang/Object;+6
j  fanx.tools.Fan.callMain(Lfan/sys/Type;Lfan/sys/Method;)I+155
j  fanx.tools.Fan.executeFile(Ljava/io/File;[Ljava/lang/String;)I+125
j  fanx.tools.Fan.execute(Ljava/lang/String;[Ljava/lang/String;)I+49
j  fanx.tools.Fan.run([Ljava/lang/String;)I+156
j  fanx.tools.Fan.main([Ljava/lang/String;)V+8
v  ~StubRoutines::call_stub
V  [libjvm.dylib+0x2daef8]
V  [libjvm.dylib+0x2dacc8]
V  [libjvm.dylib+0x30e542]
V  [libjvm.dylib+0x3076dd]
C  [java+0x30fe]  JavaMain+0x91d
C  [java+0x652c]  -[JavaLaunchHelper launchJava:]+0x2a
C  [Foundation+0x6375e]  __NSThreadPerformPerform+0xe5
C  [CoreFoundation+0x7f5b1]  __CFRUNLOOP_IS_CALLING_OUT_TO_A_SOURCE0_PERFORM_FUNCTION__+0x11
C  [CoreFoundation+0x70c62]  __CFRunLoopDoSources0+0xf2
C  [CoreFoundation+0x703ef]  __CFRunLoopRun+0x33f
C  [CoreFoundation+0x6fe75]  CFRunLoopRunSpecific+0x135
C  [java+0x73b0]  CreateExecutionEnvironment+0x367
C  [java+0x1b5c]  JLI_Launch+0x7a0
C  [java+0x770d]  main+0x65
C  [java+0x13b4]  start+0x34

Java frames: (J=compiled Java code, j=interpreted, Vv=VM code)
J 111  java.util.zip.ZipFile.getEntry(J[BZ)J (0 bytes) @ 0x000000010e7f9118 [0x000000010e7f90c0+0x58]
j  java.util.zip.ZipFile.getEntry(Ljava/lang/String;)Ljava/util/zip/ZipEntry;+38
j  fanx.fcode.FStore$ZipStore.read(Ljava/lang/String;Z)Lfanx/fcode/FStore$Input;+5
J 132 C2 fan.sys.ClassType.doReflect()V (405 bytes) @ 0x000000010e825da0 [0x000000010e825d20+0x80]
j  fan.sys.ClassType.reflect()Lfan/sys/ClassType;+19
j  fan.sys.ClassType.slot(Ljava/lang/String;Z)Lfan/sys/Slot;+1
j  fan.compiler.ReflectType.slot(Ljava/lang/String;)Lfan/compiler/CSlot;+22
j  fan.compiler.CallResolver.findOn(Lfan/compiler/CType;)Lfan/compiler/CSlot;+18
j  fan.compiler.CallResolver.find()V+25
j  fan.compiler.CallResolver.resolve()Lfan/compiler/Expr;+31
J 403 C2 fan.compiler.ResolveExpr.resolveExpr(Lfan/compiler/Expr;)Lfan/compiler/Expr; (419 bytes) @ 0x000000010e903070 [0x000000010e902c40+0x430]
J 394 C2 fan.compiler.Expr.walk(Lfan/compiler/Visitor;)Lfan/compiler/Expr; (13 bytes) @ 0x000000010e8f75a8 [0x000000010e8f7540+0x68]
j  fan.compiler.Stmt.walkExpr(Lfan/compiler/Visitor;Lfan/compiler/VisitDepth;Lfan/compiler/Expr;)Lfan/compiler/Expr;+13
j  fan.compiler.ExprStmt.walkChildren(Lfan/compiler/Visitor;Lfan/compiler/VisitDepth;)V+7
j  fan.compiler.Stmt.walk(Lfan/compiler/Visitor;Lfan/compiler/VisitDepth;)Lfan/sys/List;+10
j  fan.compiler.Block$walk$1.doCall(Lfan/compiler/Stmt;)V+25
j  fan.compiler.Block$walk$1.call(Ljava/lang/Object;)Ljava/lang/Object;+13
J 213 C2 fan.sys.List.each(Lfan/sys/Func;)V (72 bytes) @ 0x000000010e87715c [0x000000010e877000+0x15c]
j  fan.compiler.Block.walk(Lfan/compiler/Visitor;Lfan/compiler/VisitDepth;)V+53
j  fan.compiler.MethodDef.walk(Lfan/compiler/Visitor;Lfan/compiler/VisitDepth;)V+79
j  fan.compiler.TypeDef$walk$6.doCall(Lfan/compiler/SlotDef;)V+13
j  fan.compiler.TypeDef$walk$6.call(Ljava/lang/Object;)Ljava/lang/Object;+13
J 213 C2 fan.sys.List.each(Lfan/sys/Func;)V (72 bytes) @ 0x000000010e87715c [0x000000010e877000+0x15c]
j  fan.compiler.TypeDef.walk(Lfan/compiler/Visitor;Lfan/compiler/VisitDepth;)V+42
j  fan.compiler.Visitor$walk$0.doCall(Lfan/compiler/TypeDef;)V+11
j  fan.compiler.Visitor$walk$0.call(Ljava/lang/Object;)Ljava/lang/Object;+13
J 213 C2 fan.sys.List.each(Lfan/sys/Func;)V (72 bytes) @ 0x000000010e87715c [0x000000010e877000+0x15c]
j  fan.compiler.Visitor$.walk(Lfan/compiler/Visitor;Lfan/compiler/Compiler;Lfan/compiler/VisitDepth;)V+9
j  fan.compiler.CompilerStep.walk(Lfan/compiler/Compiler;Lfan/compiler/VisitDepth;)V+3
j  fan.compiler.ResolveExpr.run()V+17
j  fan.compiler.Compiler.frontend()V+102
j  fan.compiler.Compiler.compile()Lfan/compiler/CompilerOutput;+41
j  fan.build.BuildPod.compileFan()V+507
j  fan.build.BuildPod.compile()V+42
v  ~StubRoutines::call_stub
j  sun.reflect.NativeMethodAccessorImpl.invoke0(Ljava/lang/reflect/Method;Ljava/lang/Object;[Ljava/lang/Object;)Ljava/lang/Object;+0
j  sun.reflect.NativeMethodAccessorImpl.invoke(Ljava/lang/Object;[Ljava/lang/Object;)Ljava/lang/Object;+87
j  sun.reflect.DelegatingMethodAccessorImpl.invoke(Ljava/lang/Object;[Ljava/lang/Object;)Ljava/lang/Object;+6
j  java.lang.reflect.Method.invoke(Ljava/lang/Object;[Ljava/lang/Object;)Ljava/lang/Object;+57
j  fan.sys.Method.invoke(Ljava/lang/Object;[Ljava/lang/Object;)Ljava/lang/Object;+100
j  fan.sys.Method$MethodFunc.callOn(Ljava/lang/Object;Lfan/sys/List;)Ljava/lang/Object;+151
j  fan.sys.Method.callOn(Ljava/lang/Object;Lfan/sys/List;)Ljava/lang/Object;+6
j  fan.build.TargetMethod.run()V+18
j  fan.build.BuildGroup$runOnChildren$6.doCall(Lfan/build/BuildScript;)V+17
j  fan.build.BuildGroup$runOnChildren$6.call(Ljava/lang/Object;)Ljava/lang/Object;+13
J 213 C2 fan.sys.List.each(Lfan/sys/Func;)V (72 bytes) @ 0x000000010e87715c [0x000000010e877000+0x15c]
j  fan.build.BuildGroup.runOnChildren(Ljava/lang/String;)V+8
j  fan.build.GroupTarget.run()V+11
j  fan.build.BuildScript$main$8.doCall(Lfan/build/TargetMethod;)V+1
j  fan.build.BuildScript$main$8.call(Ljava/lang/Object;)Ljava/lang/Object;+13
J 213 C2 fan.sys.List.each(Lfan/sys/Func;)V (72 bytes) @ 0x000000010e87715c [0x000000010e877000+0x15c]
j  fan.build.BuildScript.main(Lfan/sys/List;)J+29
v  ~StubRoutines::call_stub
j  sun.reflect.NativeMethodAccessorImpl.invoke0(Ljava/lang/reflect/Method;Ljava/lang/Object;[Ljava/lang/Object;)Ljava/lang/Object;+0
j  sun.reflect.NativeMethodAccessorImpl.invoke(Ljava/lang/Object;[Ljava/lang/Object;)Ljava/lang/Object;+87
j  sun.reflect.DelegatingMethodAccessorImpl.invoke(Ljava/lang/Object;[Ljava/lang/Object;)Ljava/lang/Object;+6
j  java.lang.reflect.Method.invoke(Ljava/lang/Object;[Ljava/lang/Object;)Ljava/lang/Object;+57
j  fan.sys.Method.invoke(Ljava/lang/Object;[Ljava/lang/Object;)Ljava/lang/Object;+100
j  fan.sys.Method$MethodFunc.callOn(Ljava/lang/Object;Lfan/sys/List;)Ljava/lang/Object;+151
j  fan.sys.Method.callOn(Ljava/lang/Object;Lfan/sys/List;)Ljava/lang/Object;+6
j  fanx.tools.Fan.callMain(Lfan/sys/Type;Lfan/sys/Method;)I+155
j  fanx.tools.Fan.executeFile(Ljava/io/File;[Ljava/lang/String;)I+125
j  fanx.tools.Fan.execute(Ljava/lang/String;[Ljava/lang/String;)I+49
j  fanx.tools.Fan.run([Ljava/lang/String;)I+156
j  fanx.tools.Fan.main([Ljava/lang/String;)V+8
v  ~StubRoutines::call_stub

---------------  P R O C E S S  ---------------

Java Threads: ( => current thread )
  0x00007f9421908800 JavaThread "process reaper" daemon [_thread_blocked, id=21763, stack(0x0000000115f22000,0x0000000115f4a000)]
  0x00007f942400e000 JavaThread "Service Thread" daemon [_thread_blocked, id=20739, stack(0x0000000115b92000,0x0000000115c92000)]
  0x00007f942400d000 JavaThread "C2 CompilerThread1" daemon [_thread_in_native, id=20227, stack(0x0000000115a8f000,0x0000000115b8f000)]
  0x00007f942400b800 JavaThread "C2 CompilerThread0" daemon [_thread_in_native, id=19715, stack(0x000000011598c000,0x0000000115a8c000)]
  0x00007f942205f800 JavaThread "Signal Dispatcher" daemon [_thread_blocked, id=19207, stack(0x0000000115889000,0x0000000115989000)]
  0x00007f9422048000 JavaThread "Finalizer" daemon [_thread_blocked, id=16643, stack(0x000000011573e000,0x000000011583e000)]
  0x00007f9422047000 JavaThread "Reference Handler" daemon [_thread_blocked, id=16131, stack(0x000000011563b000,0x000000011573b000)]
=>0x00007f942180e000 JavaThread "main" [_thread_in_native, id=3339, stack(0x00007fff530e5000,0x00007fff53165000)]

Other Threads:
  0x00007f9422044800 VMThread [stack: 0x0000000115538000,0x0000000115638000] [id=15619]
  0x00007f942400e800 WatcherThread [stack: 0x0000000115c95000,0x0000000115d95000] [id=21251]

VM state:not at safepoint (normal execution)

VM Mutex/Monitor currently owned by a thread: None

Heap
 PSYoungGen      total 153600K, used 64746K [0x00000007f5500000, 0x0000000800000000, 0x0000000800000000)
  eden space 132096K, 32% used [0x00000007f5500000,0x00000007f7f3f660,0x00000007fd600000)
  from space 21504K, 99% used [0x00000007feb00000,0x00000007ffffb250,0x0000000800000000)
  to   space 21504K, 0% used [0x00000007fd600000,0x00000007fd600000,0x00000007feb00000)
 ParOldGen       total 349184K, used 16726K [0x00000007e0000000, 0x00000007f5500000, 0x00000007f5500000)
  object space 349184K, 4% used [0x00000007e0000000,0x00000007e1055960,0x00000007f5500000)
 PSPermGen       total 21504K, used 11345K [0x00000007dae00000, 0x00000007dc300000, 0x00000007e0000000)
  object space 21504K, 52% used [0x00000007dae00000,0x00000007db914550,0x00000007dc300000)

Card table byte_map: [0x0000000111825000,0x000000011194f000] byte_map_base: 0x000000010d94e000

Polling page: 0x000000010cbed000

Code Cache  [0x000000010e765000, 0x000000010e9f5000, 0x0000000111765000)
 total_blobs=891 nmethods=610 adapters=234 free_code_cache=46620Kb largest_free_block=47668800

Compilation events (10 events):
Event: 5.208 Thread 0x00007f942400d000 nmethod 614 0x000000010e95d010 code [0x000000010e95d160, 0x000000010e95d238]
Event: 5.208 Thread 0x00007f942400d000  615             fan.compiler.CallExpr::<init> (5 bytes)
Event: 5.208 Thread 0x00007f942400d000 nmethod 615 0x000000010e95ce10 code [0x000000010e95cf40, 0x000000010e95cf98]
Event: 5.208 Thread 0x00007f942400d000  616             fan.compiler.LiteralExpr::make (16 bytes)
Event: 5.208 Thread 0x00007f942400b800 nmethod 576 0x000000010e9ce790 code [0x000000010e9d00a0, 0x000000010e9d82f8]
Event: 5.209 Thread 0x00007f942400b800  617             fan.compiler.Parser::stmtOrBlock (90 bytes)
Event: 5.209 Thread 0x00007f942400d000 nmethod 616 0x000000010e95c9d0 code [0x000000010e95cb20, 0x000000010e95cc58]
Event: 5.209 Thread 0x00007f942400d000  618             fan.compiler.Parser::endOfStmt (76 bytes)
Event: 5.211 Thread 0x00007f942400d000 nmethod 618 0x000000010e80e550 code [0x000000010e80e6e0, 0x000000010e80ea48]
Event: 5.211 Thread 0x00007f942400d000  619             fan.compiler.Parser::stmt (250 bytes)

GC Heap History (4 events):
Event: 1.762 GC heap before
{Heap before GC invocations=1 (full 0):
 PSYoungGen      total 153600K, used 132096K [0x00000007f5500000, 0x0000000800000000, 0x0000000800000000)
  eden space 132096K, 100% used [0x00000007f5500000,0x00000007fd600000,0x00000007fd600000)
  from space 21504K, 0% used [0x00000007feb00000,0x00000007feb00000,0x0000000800000000)
  to   space 21504K, 0% used [0x00000007fd600000,0x00000007fd600000,0x00000007feb00000)
 ParOldGen       total 349184K, used 0K [0x00000007e0000000, 0x00000007f5500000, 0x00000007f5500000)
  object space 349184K, 0% used [0x00000007e0000000,0x00000007e0000000,0x00000007f5500000)
 PSPermGen       total 21504K, used 9748K [0x00000007dae00000, 0x00000007dc300000, 0x00000007e0000000)
  object space 21504K, 45% used [0x00000007dae00000,0x00000007db785398,0x00000007dc300000)
Event: 1.812 GC heap after
Heap after GC invocations=1 (full 0):
 PSYoungGen      total 153600K, used 21502K [0x00000007f5500000, 0x0000000800000000, 0x0000000800000000)
  eden space 132096K, 0% used [0x00000007f5500000,0x00000007f5500000,0x00000007fd600000)
  from space 21504K, 99% used [0x00000007fd600000,0x00000007feaff990,0x00000007feb00000)
  to   space 21504K, 0% used [0x00000007feb00000,0x00000007feb00000,0x0000000800000000)
 ParOldGen       total 349184K, used 9928K [0x00000007e0000000, 0x00000007f5500000, 0x00000007f5500000)
  object space 349184K, 2% used [0x00000007e0000000,0x00000007e09b2150,0x00000007f5500000)
 PSPermGen       total 21504K, used 9748K [0x00000007dae00000, 0x00000007dc300000, 0x00000007e0000000)
  object space 21504K, 45% used [0x00000007dae00000,0x00000007db785398,0x00000007dc300000)
}
Event: 4.620 GC heap before
{Heap before GC invocations=2 (full 0):
 PSYoungGen      total 153600K, used 153598K [0x00000007f5500000, 0x0000000800000000, 0x0000000800000000)
  eden space 132096K, 100% used [0x00000007f5500000,0x00000007fd600000,0x00000007fd600000)
  from space 21504K, 99% used [0x00000007fd600000,0x00000007feaff990,0x00000007feb00000)
  to   space 21504K, 0% used [0x00000007feb00000,0x00000007feb00000,0x0000000800000000)
 ParOldGen       total 349184K, used 9928K [0x00000007e0000000, 0x00000007f5500000, 0x00000007f5500000)
  object space 349184K, 2% used [0x00000007e0000000,0x00000007e09b2150,0x00000007f5500000)
 PSPermGen       total 21504K, used 11315K [0x00000007dae00000, 0x00000007dc300000, 0x00000007e0000000)
  object space 21504K, 52% used [0x00000007dae00000,0x00000007db90cce0,0x00000007dc300000)
Event: 4.638 GC heap after
Heap after GC invocations=2 (full 0):
 PSYoungGen      total 153600K, used 21484K [0x00000007f5500000, 0x0000000800000000, 0x0000000800000000)
  eden space 132096K, 0% used [0x00000007f5500000,0x00000007f5500000,0x00000007fd600000)
  from space 21504K, 99% used [0x00000007feb00000,0x00000007ffffb250,0x0000000800000000)
  to   space 21504K, 0% used [0x00000007fd600000,0x00000007fd600000,0x00000007feb00000)
 ParOldGen       total 349184K, used 16726K [0x00000007e0000000, 0x00000007f5500000, 0x00000007f5500000)
  object space 349184K, 4% used [0x00000007e0000000,0x00000007e1055960,0x00000007f5500000)
 PSPermGen       total 21504K, used 11315K [0x00000007dae00000, 0x00000007dc300000, 0x00000007e0000000)
  object space 21504K, 52% used [0x00000007dae00000,0x00000007db90cce0,0x00000007dc300000)
}

Deoptimization events (10 events):
Event: 4.925 Thread 0x00007f942180e000 Uncommon trap: reason=class_check action=maybe_recompile pc=0x000000010e97446c method=fan.compiler.Parser.ctype(Z)Lfan/compiler/CType; @ 303
Event: 4.925 Thread 0x00007f942180e000 Uncommon trap: reason=class_check action=maybe_recompile pc=0x000000010e97446c method=fan.compiler.Parser.ctype(Z)Lfan/compiler/CType; @ 303
Event: 4.925 Thread 0x00007f942180e000 Uncommon trap: reason=class_check action=maybe_recompile pc=0x000000010e97446c method=fan.compiler.Parser.ctype(Z)Lfan/compiler/CType; @ 303
Event: 4.952 Thread 0x00007f942180e000 Uncommon trap: reason=class_check action=maybe_recompile pc=0x000000010e8e46e4 method=fan.compiler.Parser.consume(Lfan/compiler/Token;)Lfan/compiler/TokenVal; @ 67
Event: 4.952 Thread 0x00007f942180e000 Uncommon trap: reason=class_check action=maybe_recompile pc=0x000000010e8e46e4 method=fan.compiler.Parser.consume(Lfan/compiler/Token;)Lfan/compiler/TokenVal; @ 67
Event: 4.953 Thread 0x00007f942180e000 Uncommon trap: reason=class_check action=maybe_recompile pc=0x000000010e8e46e4 method=fan.compiler.Parser.consume(Lfan/compiler/Token;)Lfan/compiler/TokenVal; @ 67
Event: 4.955 Thread 0x00007f942180e000 Uncommon trap: reason=class_check action=maybe_recompile pc=0x000000010e8e46e4 method=fan.compiler.Parser.consume(Lfan/compiler/Token;)Lfan/compiler/TokenVal; @ 67
Event: 4.967 Thread 0x00007f942180e000 Uncommon trap: reason=unreached action=reinterpret pc=0x000000010e971e48 method=fan.compiler.Parser.simpleType()Lfan/compiler/CType; @ 17
Event: 5.071 Thread 0x00007f942180e000 Uncommon trap: reason=unreached action=reinterpret pc=0x000000010e97ebf4 method=fan.compiler.Parser.unaryExpr()Lfan/compiler/Expr; @ 67
Event: 5.071 Thread 0x00007f942180e000 Uncommon trap: reason=unreached action=reinterpret pc=0x000000010e99b5c4 method=fan.compiler.Parser.unaryExpr()Lfan/compiler/Expr; @ 67

Internal exceptions (10 events):
Event: 4.207 Thread 0x00007f942180e000 Threw 0x00000007fb079818 at /HUDSON/workspace/7u-2-build-macosx-x86_64/jdk7u65/1224/hotspot/src/share/vm/prims/jvm.cpp:1244
Event: 4.207 Thread 0x00007f942180e000 Threw 0x00000007fb079de0 at /HUDSON/workspace/7u-2-build-macosx-x86_64/jdk7u65/1224/hotspot/src/share/vm/prims/jvm.cpp:1244
Event: 4.446 Thread 0x00007f942180e000 Threw 0x00000007fb6927a8 at /HUDSON/workspace/7u-2-build-macosx-x86_64/jdk7u65/1224/hotspot/src/share/vm/prims/jvm.cpp:1244
Event: 4.452 Thread 0x00007f942180e000 Threw 0x00000007fb8a23e0 at /HUDSON/workspace/7u-2-build-macosx-x86_64/jdk7u65/1224/hotspot/src/share/vm/prims/jvm.cpp:1244
Event: 4.976 Thread 0x00007f942180e000 Threw 0x00000007f6c17260 at /HUDSON/workspace/7u-2-build-macosx-x86_64/jdk7u65/1224/hotspot/src/share/vm/prims/jvm.cpp:1244
Event: 4.976 Thread 0x00007f942180e000 Threw 0x00000007f6c183c8 at /HUDSON/workspace/7u-2-build-macosx-x86_64/jdk7u65/1224/hotspot/src/share/vm/prims/jvm.cpp:1244
Event: 4.976 Thread 0x00007f942180e000 Threw 0x00000007f6c18e28 at /HUDSON/workspace/7u-2-build-macosx-x86_64/jdk7u65/1224/hotspot/src/share/vm/prims/jvm.cpp:1244
Event: 4.976 Thread 0x00007f942180e000 Threw 0x00000007f6c1fb98 at /HUDSON/workspace/7u-2-build-macosx-x86_64/jdk7u65/1224/hotspot/src/share/vm/prims/jvm.cpp:1244
Event: 4.977 Thread 0x00007f942180e000 Threw 0x00000007f6c20d00 at /HUDSON/workspace/7u-2-build-macosx-x86_64/jdk7u65/1224/hotspot/src/share/vm/prims/jvm.cpp:1244
Event: 4.977 Thread 0x00007f942180e000 Threw 0x00000007f6c21760 at /HUDSON/workspace/7u-2-build-macosx-x86_64/jdk7u65/1224/hotspot/src/share/vm/prims/jvm.cpp:1244

Events (10 events):
Event: 4.976 loading class 0x00007f9423831dc0
Event: 4.976 loading class 0x00007f9423831dc0 done
Event: 4.976 loading class 0x00007f9423831dc0
Event: 4.976 loading class 0x00007f9423831dc0 done
Event: 5.071 Thread 0x00007f942180e000 Uncommon trap: trap_request=0xffffffad fr.pc=0x000000010e97ebf4
Event: 5.071 Thread 0x00007f942180e000 DEOPT PACKING pc=0x000000010e97ebf4 sp=0x00007fff5315faf0
Event: 5.071 Thread 0x00007f942180e000 DEOPT UNPACKING pc=0x000000010e79e045 sp=0x00007fff5315f9d8 mode 2
Event: 5.071 Thread 0x00007f942180e000 Uncommon trap: trap_request=0xffffffad fr.pc=0x000000010e99b5c4
Event: 5.071 Thread 0x00007f942180e000 DEOPT PACKING pc=0x000000010e99b5c4 sp=0x00007fff5315fa70
Event: 5.071 Thread 0x00007f942180e000 DEOPT UNPACKING pc=0x000000010e79e045 sp=0x00007fff5315f9d0 mode 2


Dynamic libraries:
0x000000000d430000 	/System/Library/Frameworks/Cocoa.framework/Versions/A/Cocoa
0x000000000d430000 	/System/Library/Frameworks/Security.framework/Versions/A/Security
0x000000000d430000 	/System/Library/Frameworks/ApplicationServices.framework/Versions/A/ApplicationServices
0x000000000d430000 	/usr/lib/libz.1.dylib
0x000000000d430000 	/usr/lib/libSystem.B.dylib
0x000000000d430000 	/usr/lib/libobjc.A.dylib
0x000000000d430000 	/System/Library/Frameworks/CoreFoundation.framework/Versions/A/CoreFoundation
0x000000000d430000 	/System/Library/Frameworks/Foundation.framework/Versions/C/Foundation
0x000000000d430000 	/System/Library/Frameworks/AppKit.framework/Versions/C/AppKit
0x000000000d430000 	/System/Library/Frameworks/CoreData.framework/Versions/A/CoreData
0x000000000d430000 	/System/Library/PrivateFrameworks/RemoteViewServices.framework/Versions/A/RemoteViewServices
0x000000000d430000 	/System/Library/Frameworks/AudioToolbox.framework/Versions/A/AudioToolbox
0x000000000d430000 	/System/Library/Frameworks/AudioUnit.framework/Versions/A/AudioUnit
0x000000000d430000 	/System/Library/PrivateFrameworks/DataDetectorsCore.framework/Versions/A/DataDetectorsCore
0x000000000d430000 	/System/Library/PrivateFrameworks/DesktopServicesPriv.framework/Versions/A/DesktopServicesPriv
0x000000000d430000 	/System/Library/Frameworks/Carbon.framework/Versions/A/Frameworks/HIToolbox.framework/Versions/A/HIToolbox
0x000000000d430000 	/System/Library/Frameworks/QuartzCore.framework/Versions/A/QuartzCore
0x000000000d430000 	/System/Library/Frameworks/Carbon.framework/Versions/A/Frameworks/SpeechRecognition.framework/Versions/A/SpeechRecognition
0x000000000d430000 	/usr/lib/libauto.dylib
0x000000000d430000 	/usr/lib/libicucore.A.dylib
0x000000000d430000 	/usr/lib/libxml2.2.dylib
0x000000000d430000 	/System/Library/PrivateFrameworks/CoreUI.framework/Versions/A/CoreUI
0x000000000d430000 	/System/Library/Frameworks/CoreAudio.framework/Versions/A/CoreAudio
0x000000000d430000 	/System/Library/Frameworks/DiskArbitration.framework/Versions/A/DiskArbitration
0x000000000d430000 	/usr/lib/liblangid.dylib
0x000000000d430000 	/System/Library/PrivateFrameworks/MultitouchSupport.framework/Versions/A/MultitouchSupport
0x000000000d430000 	/System/Library/Frameworks/IOKit.framework/Versions/A/IOKit
0x000000000d430000 	/usr/lib/libDiagnosticMessagesClient.dylib
0x000000000d430000 	/System/Library/Frameworks/CoreServices.framework/Versions/A/CoreServices
0x000000000d430000 	/System/Library/PrivateFrameworks/PerformanceAnalysis.framework/Versions/A/PerformanceAnalysis
0x000000000d430000 	/System/Library/PrivateFrameworks/GenerationalStorage.framework/Versions/A/GenerationalStorage
0x000000000d430000 	/System/Library/Frameworks/OpenGL.framework/Versions/A/OpenGL
0x000000000d430000 	/System/Library/PrivateFrameworks/Sharing.framework/Versions/A/Sharing
0x000000000d430000 	/System/Library/Frameworks/ImageIO.framework/Versions/A/ImageIO
0x000000000d430000 	/System/Library/Frameworks/CoreText.framework/Versions/A/CoreText
0x000000000d430000 	/System/Library/Frameworks/CoreGraphics.framework/Versions/A/CoreGraphics
0x000000000d430000 	/System/Library/PrivateFrameworks/Backup.framework/Versions/A/Backup
0x000000000d430000 	/System/Library/Frameworks/CFNetwork.framework/Versions/A/CFNetwork
0x000000000d430000 	/System/Library/Frameworks/SystemConfiguration.framework/Versions/A/SystemConfiguration
0x000000000d430000 	/usr/lib/libCRFSuite.dylib
0x000000000d430000 	/usr/lib/libc++.1.dylib
0x000000000d430000 	/usr/lib/libc++abi.dylib
0x000000000d430000 	/usr/lib/system/libcache.dylib
0x000000000d430000 	/usr/lib/system/libcommonCrypto.dylib
0x000000000d430000 	/usr/lib/system/libcompiler_rt.dylib
0x000000000d430000 	/usr/lib/system/libcopyfile.dylib
0x000000000d430000 	/usr/lib/system/libcorecrypto.dylib
0x000000000d430000 	/usr/lib/system/libdispatch.dylib
0x000000000d430000 	/usr/lib/system/libdyld.dylib
0x000000000d430000 	/usr/lib/system/libkeymgr.dylib
0x000000000d430000 	/usr/lib/system/liblaunch.dylib
0x000000000d430000 	/usr/lib/system/libmacho.dylib
0x000000000d430000 	/usr/lib/system/libquarantine.dylib
0x000000000d430000 	/usr/lib/system/libremovefile.dylib
0x000000000d430000 	/usr/lib/system/libsystem_asl.dylib
0x000000000d430000 	/usr/lib/system/libsystem_blocks.dylib
0x000000000d430000 	/usr/lib/system/libsystem_c.dylib
0x000000000d430000 	/usr/lib/system/libsystem_configuration.dylib
0x000000000d430000 	/usr/lib/system/libsystem_dnssd.dylib
0x000000000d430000 	/usr/lib/system/libsystem_info.dylib
0x000000000d430000 	/usr/lib/system/libsystem_kernel.dylib
0x000000000d430000 	/usr/lib/system/libsystem_m.dylib
0x000000000d430000 	/usr/lib/system/libsystem_malloc.dylib
0x000000000d430000 	/usr/lib/system/libsystem_network.dylib
0x000000000d430000 	/usr/lib/system/libsystem_notify.dylib
0x000000000d430000 	/usr/lib/system/libsystem_platform.dylib
0x000000000d430000 	/usr/lib/system/libsystem_pthread.dylib
0x000000000d430000 	/usr/lib/system/libsystem_sandbox.dylib
0x000000000d430000 	/usr/lib/system/libsystem_stats.dylib
0x000000000d430000 	/usr/lib/system/libunc.dylib
0x000000000d430000 	/usr/lib/system/libunwind.dylib
0x000000000d430000 	/usr/lib/system/libxpc.dylib
0x000000000d430000 	/usr/lib/libbsm.0.dylib
0x000000000d430000 	/usr/lib/libsqlite3.dylib
0x000000000d430000 	/usr/lib/libxar.1.dylib
0x000000000d430000 	/usr/lib/libpam.2.dylib
0x000000000d430000 	/usr/lib/libOpenScriptingUtil.dylib
0x000000000d430000 	/usr/lib/libbz2.1.0.dylib
0x000000000d430000 	/System/Library/Frameworks/CoreServices.framework/Versions/A/Frameworks/CarbonCore.framework/Versions/A/CarbonCore
0x000000000d430000 	/System/Library/Frameworks/CoreServices.framework/Versions/A/Frameworks/Metadata.framework/Versions/A/Metadata
0x000000000d430000 	/System/Library/Frameworks/CoreServices.framework/Versions/A/Frameworks/OSServices.framework/Versions/A/OSServices
0x000000000d430000 	/System/Library/Frameworks/CoreServices.framework/Versions/A/Frameworks/SearchKit.framework/Versions/A/SearchKit
0x000000000d430000 	/System/Library/Frameworks/CoreServices.framework/Versions/A/Frameworks/AE.framework/Versions/A/AE
0x000000000d430000 	/System/Library/Frameworks/CoreServices.framework/Versions/A/Frameworks/LaunchServices.framework/Versions/A/LaunchServices
0x000000000d430000 	/System/Library/Frameworks/CoreServices.framework/Versions/A/Frameworks/DictionaryServices.framework/Versions/A/DictionaryServices
0x000000000d430000 	/System/Library/Frameworks/NetFS.framework/Versions/A/NetFS
0x000000000d430000 	/usr/lib/system/libkxld.dylib
0x000000000d430000 	/System/Library/PrivateFrameworks/NetAuth.framework/Versions/A/NetAuth
0x000000000d430000 	/System/Library/PrivateFrameworks/TCC.framework/Versions/A/TCC
0x000000000d430000 	/System/Library/Frameworks/OpenDirectory.framework/Versions/A/Frameworks/CFOpenDirectory.framework/Versions/A/CFOpenDirectory
0x000000000d430000 	/System/Library/Frameworks/ServiceManagement.framework/Versions/A/ServiceManagement
0x000000000d430000 	/usr/lib/libxslt.1.dylib
0x000000000d430000 	/System/Library/Frameworks/Carbon.framework/Versions/A/Frameworks/Ink.framework/Versions/A/Ink
0x000000000d430000 	/System/Library/Frameworks/ApplicationServices.framework/Versions/A/Frameworks/ATS.framework/Versions/A/ATS
0x000000000d430000 	/System/Library/Frameworks/ApplicationServices.framework/Versions/A/Frameworks/ColorSync.framework/Versions/A/ColorSync
0x000000000d430000 	/System/Library/Frameworks/ApplicationServices.framework/Versions/A/Frameworks/HIServices.framework/Versions/A/HIServices
0x000000000d430000 	/System/Library/Frameworks/ApplicationServices.framework/Versions/A/Frameworks/LangAnalysis.framework/Versions/A/LangAnalysis
0x000000000d430000 	/System/Library/Frameworks/ApplicationServices.framework/Versions/A/Frameworks/PrintCore.framework/Versions/A/PrintCore
0x000000000d430000 	/System/Library/Frameworks/ApplicationServices.framework/Versions/A/Frameworks/QD.framework/Versions/A/QD
0x000000000d430000 	/System/Library/Frameworks/ApplicationServices.framework/Versions/A/Frameworks/SpeechSynthesis.framework/Versions/A/SpeechSynthesis
0x000000000d430000 	/System/Library/Frameworks/IOSurface.framework/Versions/A/IOSurface
0x000000000d430000 	/System/Library/Frameworks/Accelerate.framework/Versions/A/Accelerate
0x000000000d430000 	/System/Library/Frameworks/Accelerate.framework/Versions/A/Frameworks/vImage.framework/Versions/A/vImage
0x000000000d430000 	/System/Library/Frameworks/Accelerate.framework/Versions/A/Frameworks/vecLib.framework/Versions/A/vecLib
0x000000000d430000 	/System/Library/Frameworks/Accelerate.framework/Versions/A/Frameworks/vecLib.framework/Versions/A/libvDSP.dylib
0x000000000d430000 	/System/Library/Frameworks/Accelerate.framework/Versions/A/Frameworks/vecLib.framework/Versions/A/libvMisc.dylib
0x000000000d430000 	/System/Library/Frameworks/Accelerate.framework/Versions/A/Frameworks/vecLib.framework/Versions/A/libLAPACK.dylib
0x000000000d430000 	/System/Library/Frameworks/Accelerate.framework/Versions/A/Frameworks/vecLib.framework/Versions/A/libBLAS.dylib
0x000000000d430000 	/System/Library/Frameworks/ApplicationServices.framework/Versions/A/Frameworks/ATS.framework/Versions/A/Resources/libFontParser.dylib
0x000000000d430000 	/System/Library/Frameworks/ApplicationServices.framework/Versions/A/Frameworks/ATS.framework/Versions/A/Resources/libFontRegistry.dylib
0x000000000d430000 	/System/Library/Frameworks/ImageIO.framework/Versions/A/Resources/libJPEG.dylib
0x000000000d430000 	/System/Library/Frameworks/ImageIO.framework/Versions/A/Resources/libTIFF.dylib
0x000000000d430000 	/System/Library/Frameworks/ImageIO.framework/Versions/A/Resources/libPng.dylib
0x000000000d430000 	/System/Library/Frameworks/ImageIO.framework/Versions/A/Resources/libGIF.dylib
0x000000000d430000 	/System/Library/Frameworks/ImageIO.framework/Versions/A/Resources/libJP2.dylib
0x000000000d430000 	/System/Library/Frameworks/ImageIO.framework/Versions/A/Resources/libRadiance.dylib
0x000000000d430000 	/usr/lib/libcups.2.dylib
0x000000000d430000 	/System/Library/Frameworks/Kerberos.framework/Versions/A/Kerberos
0x000000000d430000 	/System/Library/Frameworks/GSS.framework/Versions/A/GSS
0x000000000d430000 	/usr/lib/libresolv.9.dylib
0x000000000d430000 	/usr/lib/libiconv.2.dylib
0x000000000d430000 	/System/Library/PrivateFrameworks/Heimdal.framework/Versions/A/Heimdal
0x000000000d430000 	/System/Library/PrivateFrameworks/TrustEvaluationAgent.framework/Versions/A/TrustEvaluationAgent
0x000000000d430000 	/usr/lib/libheimdal-asn1.dylib
0x000000000d430000 	/System/Library/Frameworks/OpenDirectory.framework/Versions/A/OpenDirectory
0x000000000d430000 	/System/Library/PrivateFrameworks/CommonAuth.framework/Versions/A/CommonAuth
0x000000000d430000 	/System/Library/Frameworks/SecurityFoundation.framework/Versions/A/SecurityFoundation
0x000000000d430000 	/System/Library/PrivateFrameworks/Bom.framework/Versions/A/Bom
0x000000000d430000 	/System/Library/Frameworks/CoreVideo.framework/Versions/A/CoreVideo
0x000000000d430000 	/System/Library/Frameworks/QuartzCore.framework/Versions/A/Frameworks/CoreImage.framework/Versions/A/CoreImage
0x000000000d430000 	/System/Library/Frameworks/QuartzCore.framework/Versions/A/Frameworks/ScalableUserInterface.framework/Versions/A/ScalableUserInterface
0x000000000d430000 	/System/Library/Frameworks/OpenGL.framework/Versions/A/Libraries/libGLU.dylib
0x000000000d430000 	/System/Library/Frameworks/OpenGL.framework/Versions/A/Libraries/libGFXShared.dylib
0x000000000d430000 	/System/Library/Frameworks/OpenGL.framework/Versions/A/Libraries/libGL.dylib
0x000000000d430000 	/System/Library/Frameworks/OpenGL.framework/Versions/A/Libraries/libGLImage.dylib
0x000000000d430000 	/System/Library/Frameworks/OpenGL.framework/Versions/A/Libraries/libCVMSPluginSupport.dylib
0x000000000d430000 	/System/Library/Frameworks/OpenGL.framework/Versions/A/Libraries/libCoreVMClient.dylib
0x000000000d430000 	/System/Library/PrivateFrameworks/FaceCore.framework/Versions/A/FaceCore
0x000000000d430000 	/System/Library/PrivateFrameworks/CrashReporterSupport.framework/Versions/A/CrashReporterSupport
0x000000000d430000 	/System/Library/Frameworks/OpenCL.framework/Versions/A/OpenCL
0x000000000d430000 	/System/Library/PrivateFrameworks/AppleFSCompression.framework/Versions/A/AppleFSCompression
0x000000000d430000 	/System/Library/PrivateFrameworks/Ubiquity.framework/Versions/A/Ubiquity
0x000000000d430000 	/System/Library/PrivateFrameworks/IconServices.framework/Versions/A/IconServices
0x000000000d430000 	/System/Library/PrivateFrameworks/ChunkingLibrary.framework/Versions/A/ChunkingLibrary
0x000000000d430000 	/System/Library/PrivateFrameworks/CoreSymbolication.framework/Versions/A/CoreSymbolication
0x000000000d430000 	/System/Library/PrivateFrameworks/Symbolication.framework/Versions/A/Symbolication
0x000000000d430000 	/System/Library/PrivateFrameworks/DebugSymbols.framework/Versions/A/DebugSymbols
0x000000010dc00000 	/Library/Java/JavaVirtualMachines/jdk1.7.0_65.jdk/Contents/Home/jre/lib/server/libjvm.dylib
0x000000000d430000 	/usr/lib/libstdc++.6.dylib
0x000000010cbb0000 	/Library/Java/JavaVirtualMachines/jdk1.7.0_65.jdk/Contents/Home/jre/lib/libverify.dylib
0x000000010cbbd000 	/Library/Java/JavaVirtualMachines/jdk1.7.0_65.jdk/Contents/Home/jre/lib/libjava.dylib
0x000000010cbf6000 	/Library/Java/JavaVirtualMachines/jdk1.7.0_65.jdk/Contents/Home/jre/lib/libzip.dylib
0x0000000115840000 	/System/Library/Frameworks/JavaVM.framework/Frameworks/JavaRuntimeSupport.framework/JavaRuntimeSupport
0x0000000115858000 	/System/Library/Frameworks/JavaVM.framework/Versions/A/Frameworks/JavaNativeFoundation.framework/Versions/A/JavaNativeFoundation
0x000000011586d000 	/System/Library/Frameworks/JavaVM.framework/Versions/A/JavaVM
0x000000000d430000 	/System/Library/Frameworks/Carbon.framework/Versions/A/Carbon
0x000000011587a000 	/System/Library/PrivateFrameworks/JavaLaunching.framework/Versions/A/JavaLaunching
0x000000000d430000 	/System/Library/Frameworks/Carbon.framework/Versions/A/Frameworks/CommonPanels.framework/Versions/A/CommonPanels
0x000000000d430000 	/System/Library/Frameworks/Carbon.framework/Versions/A/Frameworks/Help.framework/Versions/A/Help
0x000000000d430000 	/System/Library/Frameworks/Carbon.framework/Versions/A/Frameworks/ImageCapture.framework/Versions/A/ImageCapture
0x000000000d430000 	/System/Library/Frameworks/Carbon.framework/Versions/A/Frameworks/OpenScripting.framework/Versions/A/OpenScripting
0x000000000d430000 	/System/Library/Frameworks/Carbon.framework/Versions/A/Frameworks/Print.framework/Versions/A/Print
0x000000000d430000 	/System/Library/Frameworks/Carbon.framework/Versions/A/Frameworks/SecurityHI.framework/Versions/A/SecurityHI
0x0000000115dfb000 	/Library/Java/JavaVirtualMachines/jdk1.7.0_65.jdk/Contents/Home/jre/lib/libnet.dylib
0x0000000115e5d000 	/Library/Java/JavaVirtualMachines/jdk1.7.0_65.jdk/Contents/Home/jre/lib/libnio.dylib

VM Arguments:
jvm_args: -Xmx512M -Dfan.home=/work/fan 
java_command: fanx.tools.Fan /work/fan/src/buildpods.fan compile
Launcher Type: SUN_STANDARD

Environment Variables:
JAVA_HOME=/Library/Java/JavaVirtualMachines/jdk1.7.0_65.jdk/Contents/Home/
PATH=/usr/bin:/bin:/usr/sbin:/sbin:/usr/local/bin:/work/fan/bin:/work/stuff/bin:/work/stuff/play
SHELL=/bin/bash

Signal Handlers:
SIGSEGV: [libjvm.dylib+0x52b6c9], sa_mask[0]=0xfffefeff, sa_flags=0x00000043
SIGBUS: [libjvm.dylib+0x52b6c9], sa_mask[0]=0xfffefeff, sa_flags=0x00000042
SIGFPE: [libjvm.dylib+0x41deaa], sa_mask[0]=0xfffefeff, sa_flags=0x00000042
SIGPIPE: [libjvm.dylib+0x41deaa], sa_mask[0]=0xfffefeff, sa_flags=0x00000042
SIGXFSZ: [libjvm.dylib+0x41deaa], sa_mask[0]=0xfffefeff, sa_flags=0x00000042
SIGILL: [libjvm.dylib+0x41deaa], sa_mask[0]=0xfffefeff, sa_flags=0x00000042
SIGUSR1: SIG_DFL, sa_mask[0]=0x63807efb, sa_flags=0x00000000
SIGUSR2: [libjvm.dylib+0x41d99c], sa_mask[0]=0x00000004, sa_flags=0x00000042
SIGHUP: [libjvm.dylib+0x41bc2d], sa_mask[0]=0xfffefeff, sa_flags=0x00000042
SIGINT: [libjvm.dylib+0x41bc2d], sa_mask[0]=0xfffefeff, sa_flags=0x00000042
SIGTERM: [libjvm.dylib+0x41bc2d], sa_mask[0]=0xfffefeff, sa_flags=0x00000042
SIGQUIT: [libjvm.dylib+0x41bc2d], sa_mask[0]=0xfffefeff, sa_flags=0x00000042


---------------  S Y S T E M  ---------------

OS:Bsduname:Darwin 13.4.0 Darwin Kernel Version 13.4.0: Wed Mar 18 16:20:14 PDT 2015; root:xnu-2422.115.14~1/RELEASE_X86_64 x86_64
rlimit: STACK 8192k, CORE 0k, NPROC 709, NOFILE 10240, AS infinity
load average:2.48 2.13 2.17

CPU:total 8 (4 cores per cpu, 2 threads per core) family 6 model 62 stepping 4, cmov, cx8, fxsr, mmx, sse, sse2, sse3, ssse3, sse4.1, sse4.2, popcnt, avx, aes, erms, ht, tsc, tscinvbit

Memory: 4k page, physical 33554432k(8388608k free)

/proc/meminfo:


vm_info: Java HotSpot(TM) 64-Bit Server VM (24.65-b04) for bsd-amd64 JRE (1.7.0_65-b17), built on Jun 16 2014 20:31:25 by "java_re" with gcc 4.2.1 (Based on Apple Inc. build 5658) (LLVM build 2336.11.00)

time: Fri Feb 23 09:03:57 2018
elapsed time: 5 seconds

